
/home/runner/work/exp-minimize-dfa-au/exp-minimize-dfa-au/experiment/simulation/js/index-OH52MMOO.js
    9:1588    warning  Do not access Object.prototype method 'hasOwnProperty' from target object        no-prototype-builtins
    9:4560    warning  Do not access Object.prototype method 'hasOwnProperty' from target object        no-prototype-builtins
   17:376     warning  Do not access Object.prototype method 'hasOwnProperty' from target object        no-prototype-builtins
   25:915     warning  'setImmediate' is not defined                                                    no-undef
   33:596     warning  Unexpected combined character in character class                                 no-misleading-character-class
   33:3023    warning  Unnecessary escape character: \-                                                 no-useless-escape
   33:4912    warning  Do not access Object.prototype method 'hasOwnProperty' from target object        no-prototype-builtins
   37:202     warning  Expected a conditional expression and instead saw an assignment                  no-cond-assign
   37:1216    warning  Empty block statement                                                            no-empty
   37:2389    warning  Do not access Object.prototype method 'hasOwnProperty' from target object        no-prototype-builtins
   37:3869    warning  Do not access Object.prototype method 'hasOwnProperty' from target object        no-prototype-builtins
   37:3910    warning  Do not access Object.prototype method 'hasOwnProperty' from target object        no-prototype-builtins
   37:4077    warning  Do not access Object.prototype method 'hasOwnProperty' from target object        no-prototype-builtins
   37:4104    warning  Do not access Object.prototype method 'hasOwnProperty' from target object        no-prototype-builtins
   37:4695    warning  Do not access Object.prototype method 'hasOwnProperty' from target object        no-prototype-builtins
   37:6032    warning  'MSApp' is not defined                                                           no-undef
   37:6080    warning  'MSApp' is not defined                                                           no-undef
   37:7460    warning  Do not access Object.prototype method 'hasOwnProperty' from target object        no-prototype-builtins
   37:7553    warning  Do not access Object.prototype method 'hasOwnProperty' from target object        no-prototype-builtins
   37:8636    warning  Expected a conditional expression and instead saw an assignment                  no-cond-assign
   37:9657    warning  Expected to return a value in method 'get'                                       getter-return
   37:9790    warning  'n' is defined but never used                                                    no-unused-vars
   37:9792    warning  'i' is defined but never used                                                    no-unused-vars
   37:9794    warning  'o' is defined but never used                                                    no-unused-vars
   37:9796    warning  'a' is defined but never used                                                    no-unused-vars
   37:9798    warning  's' is defined but never used                                                    no-unused-vars
   37:9800    warning  'l' is defined but never used                                                    no-unused-vars
   37:9973    warning  'e' is defined but never used                                                    no-unused-vars
   37:9975    warning  't' is defined but never used                                                    no-unused-vars
   37:9977    warning  'r' is defined but never used                                                    no-unused-vars
   37:9979    warning  'n' is defined but never used                                                    no-unused-vars
   37:9981    warning  'i' is defined but never used                                                    no-unused-vars
   37:9983    warning  'o' is defined but never used                                                    no-unused-vars
   37:9985    warning  'a' is defined but never used                                                    no-unused-vars
   37:9987    warning  's' is defined but never used                                                    no-unused-vars
   37:9989    warning  'l' is defined but never used                                                    no-unused-vars
   37:10041   warning  'e' is defined but never used                                                    no-unused-vars
   37:10043   warning  't' is defined but never used                                                    no-unused-vars
   37:10045   warning  'r' is defined but never used                                                    no-unused-vars
   37:10047   warning  'n' is defined but never used                                                    no-unused-vars
   37:10049   warning  'i' is defined but never used                                                    no-unused-vars
   37:10051   warning  'o' is defined but never used                                                    no-unused-vars
   37:10053   warning  'a' is defined but never used                                                    no-unused-vars
   37:10055   warning  's' is defined but never used                                                    no-unused-vars
   37:10057   warning  'l' is defined but never used                                                    no-unused-vars
   37:11890   warning  Empty block statement                                                            no-empty
   37:19777   warning  Do not access Object.prototype method 'hasOwnProperty' from target object        no-prototype-builtins
   37:20120   warning  Invalid typeof comparison value                                                  valid-typeof
   37:20294   warning  Invalid typeof comparison value                                                  valid-typeof
   37:22166   warning  Expected a conditional expression and instead saw an assignment                  no-cond-assign
   37:27711   warning  Expected a conditional expression and instead saw an assignment                  no-cond-assign
   37:29177   warning  Do not access Object.prototype method 'hasOwnProperty' from target object        no-prototype-builtins
   37:33278   warning  Expected a 'break' statement before 'case'                                       no-fallthrough
   37:33465   warning  Expected a 'break' statement before 'case'                                       no-fallthrough
   37:34582   warning  Expected a conditional expression and instead saw an assignment                  no-cond-assign
   37:36027   warning  Expected a 'break' statement before 'case'                                       no-fallthrough
   37:37457   warning  Unexpected control character(s) in regular expression: \x00                      no-control-regex
   38:1506    warning  Expected a conditional expression and instead saw an assignment                  no-cond-assign
   38:1606    warning  Expected a conditional expression and instead saw an assignment                  no-cond-assign
   38:9015    warning  Expected a 'break' statement before 'case'                                       no-fallthrough
   38:9472    warning  Unexpected constant condition                                                    no-constant-condition
   38:10084   warning  Expected a conditional expression and instead saw an assignment                  no-cond-assign
   38:10947   warning  Expected a conditional expression and instead saw an assignment                  no-cond-assign
   38:18239   warning  Expected a conditional expression and instead saw an assignment                  no-cond-assign
   38:24811   warning  Empty block statement                                                            no-empty
   38:24820   warning  Empty block statement                                                            no-empty
   40:3968    warning  Expected a conditional expression and instead saw an assignment                  no-cond-assign
   40:5090    warning  Expected a conditional expression and instead saw an assignment                  no-cond-assign
   40:12874   warning  Do not access Object.prototype method 'hasOwnProperty' from target object        no-prototype-builtins
   40:12895   warning  Do not access Object.prototype method 'hasOwnProperty' from target object        no-prototype-builtins
   40:12965   warning  Do not access Object.prototype method 'hasOwnProperty' from target object        no-prototype-builtins
   40:13147   warning  Do not access Object.prototype method 'hasOwnProperty' from target object        no-prototype-builtins
   40:13249   warning  Do not access Object.prototype method 'hasOwnProperty' from target object        no-prototype-builtins
   40:13329   warning  Do not access Object.prototype method 'hasOwnProperty' from target object        no-prototype-builtins
   40:13353   warning  Do not access Object.prototype method 'hasOwnProperty' from target object        no-prototype-builtins
   40:13405   warning  Do not access Object.prototype method 'hasOwnProperty' from target object        no-prototype-builtins
   40:13760   warning  Do not access Object.prototype method 'hasOwnProperty' from target object        no-prototype-builtins
   40:15957   warning  Do not access Object.prototype method 'hasOwnProperty' from target object        no-prototype-builtins
   40:16236   warning  Do not access Object.prototype method 'hasOwnProperty' from target object        no-prototype-builtins
   40:16683   warning  Unnecessary escape character: \/                                                 no-useless-escape
   40:17565   warning  Do not access Object.prototype method 'hasOwnProperty' from target object        no-prototype-builtins
   40:17874   warning  Do not access Object.prototype method 'hasOwnProperty' from target object        no-prototype-builtins
   40:25906   warning  Empty block statement                                                            no-empty
   40:25941   warning  Expected a 'break' statement before 'case'                                       no-fallthrough
   40:30024   warning  Do not access Object.prototype method 'hasOwnProperty' from target object        no-prototype-builtins
   40:31004   warning  't' is defined but never used                                                    no-unused-vars
   40:31006   warning  'r' is defined but never used                                                    no-unused-vars
   40:31034   warning  't' is defined but never used                                                    no-unused-vars
   40:31036   warning  'r' is defined but never used                                                    no-unused-vars
   40:34761   warning  Unexpected constant condition                                                    no-constant-condition
   40:39289   warning  Unexpected constant condition                                                    no-constant-condition
   40:39581   warning  Unexpected constant condition                                                    no-constant-condition
   40:42617   warning  Empty block statement                                                            no-empty
   40:53038   warning  Expected a conditional expression and instead saw an assignment                  no-cond-assign
   40:54444   warning  'MF' is a function                                                               no-func-assign
   40:54450   warning  'AF' is a function                                                               no-func-assign
   40:55367   warning  '__REACT_DEVTOOLS_GLOBAL_HOOK__' is not defined                                  no-undef
   40:55466   warning  Empty block statement                                                            no-empty
   40:57498   warning  '__REACT_DEVTOOLS_GLOBAL_HOOK__' is not defined                                  no-undef
   40:57555   warning  '__REACT_DEVTOOLS_GLOBAL_HOOK__' is not defined                                  no-undef
   48:1459    warning  'd' is assigned a value but never used                                           no-unused-vars
   72:182     warning  'global' is not defined                                                          no-undef
   72:712     warning  Do not access Object.prototype method 'hasOwnProperty' from target object        no-prototype-builtins
   72:1916    warning  Do not access Object.prototype method 'propertyIsEnumerable' from target object  no-prototype-builtins
   72:5414    warning  Empty block statement                                                            no-empty
   72:6547    warning  Empty block statement                                                            no-empty
   72:8624    warning  Empty block statement                                                            no-empty
   72:10203   warning  't' is defined but never used                                                    no-unused-vars
   72:12030   warning  'ActiveXObject' is not defined                                                   no-undef
   72:12061   warning  Empty block statement                                                            no-empty
   72:13297   warning  'i' is defined but never used                                                    no-unused-vars
   72:14011   warning  'co.get' is assigned to itself                                                   no-self-assign
   72:14025   warning  'co.has' is assigned to itself                                                   no-self-assign
   72:14039   warning  'co.set' is assigned to itself                                                   no-self-assign
   72:19554   warning  't' is defined but never used                                                    no-unused-vars
   72:19556   warning  'r' is defined but never used                                                    no-unused-vars
   72:19558   warning  'n' is defined but never used                                                    no-unused-vars
   72:21484   warning  Empty block statement                                                            no-empty
   72:21789   warning  Empty block statement                                                            no-empty
   72:24584   warning  Empty block statement                                                            no-empty
   72:24708   warning  Empty block statement                                                            no-empty
   72:25905   warning  'kc' is a function                                                               no-func-assign
   72:31152   warning  Empty block statement                                                            no-empty
   72:31307   warning  Empty block statement                                                            no-empty
   72:32471   warning  't' is defined but never used                                                    no-unused-vars
   72:33139   warning  Unsafe usage of ReturnStatement                                                  no-unsafe-finally
   72:33159   warning  Unsafe usage of ThrowStatement                                                   no-unsafe-finally
   74:1487    warning  'this.length' is assigned to itself                                              no-self-assign
   74:3062    warning  'r' is defined but never used                                                    no-unused-vars
   74:3888    warning  't' is defined but never used                                                    no-unused-vars
   74:3890    warning  'r' is defined but never used                                                    no-unused-vars
   74:3892    warning  'n' is defined but never used                                                    no-unused-vars
   74:4005    warning  'Bun' is not defined                                                             no-undef
   74:4017    warning  'Bun' is not defined                                                             no-undef
   79:58      warning  'Ji' is a function                                                               no-func-assign
   79:695     warning  Do not access Object.prototype method 'hasOwnProperty' from target object        no-prototype-builtins
   79:1872    warning  Do not access Object.prototype method 'hasOwnProperty' from target object        no-prototype-builtins
   79:12222   warning  'n' is defined but never used                                                    no-unused-vars
   81:89      warning  Unnecessary escape character: \(                                                 no-useless-escape
   82:267     warning  Unsafe usage of ThrowStatement                                                   no-unsafe-finally
   82:6252    warning  'gE' is a function                                                               no-func-assign
   82:6836    warning  'Am' is a function                                                               no-func-assign
   82:7024    warning  'n' is a function                                                                no-func-assign
   82:11751   warning  Expected a conditional expression and instead saw an assignment                  no-cond-assign
   82:12254   warning  Empty block statement                                                            no-empty
   82:12388   warning  'Deno' is not defined                                                            no-undef
   82:12401   warning  'Deno' is not defined                                                            no-undef
   82:14030   warning  Expected a conditional expression and instead saw an assignment                  no-cond-assign
   82:14176   warning  Expected a conditional expression and instead saw an assignment                  no-cond-assign
   82:15359   warning  't' is defined but never used                                                    no-unused-vars
   82:19195   warning  'f' is a function                                                                no-func-assign
   82:19587   warning  'C' is a function                                                                no-func-assign
   82:25892   warning  'regeneratorRuntime' is not defined                                              no-undef
   82:29572   warning  Expected a conditional expression and instead saw an assignment                  no-cond-assign
   83:267     warning  Unsafe usage of ThrowStatement                                                   no-unsafe-finally
   83:902     warning  Expected a 'break' statement before 'case'                                       no-fallthrough
   83:1084    warning  Expected a 'break' statement before 'case'                                       no-fallthrough
   83:1342    warning  Expected a 'break' statement before 'case'                                       no-fallthrough
   83:1524    warning  Expected a 'break' statement before 'case'                                       no-fallthrough
   83:1777    warning  Expected a 'break' statement before 'case'                                       no-fallthrough
   83:1948    warning  Expected a 'break' statement before 'case'                                       no-fallthrough
   83:2203    warning  Expected a 'break' statement before 'case'                                       no-fallthrough
   83:2374    warning  Expected a 'break' statement before 'case'                                       no-fallthrough
   83:3584    warning  Expected a 'break' statement before 'case'                                       no-fallthrough
   83:3795    warning  Expected a 'break' statement before 'case'                                       no-fallthrough
   83:4267    warning  Expected a 'break' statement before 'case'                                       no-fallthrough
   83:4454    warning  Expected a 'break' statement before 'case'                                       no-fallthrough
   84:267     warning  Unsafe usage of ThrowStatement                                                   no-unsafe-finally
   84:7806    warning  Expected a 'break' statement before 'case'                                       no-fallthrough
   84:8008    warning  Expected a 'break' statement before 'case'                                       no-fallthrough
  108:87      warning  'global' is not defined                                                          no-undef
  108:603     warning  Do not access Object.prototype method 'hasOwnProperty' from target object        no-prototype-builtins
  108:1835    warning  Do not access Object.prototype method 'propertyIsEnumerable' from target object  no-prototype-builtins
  108:5457    warning  Empty block statement                                                            no-empty
  108:6634    warning  Empty block statement                                                            no-empty
  108:9192    warning  'r' is defined but never used                                                    no-unused-vars
  108:13996   warning  'a' is already defined                                                           no-redeclare
  108:14497   warning  Empty block statement                                                            no-empty
  108:15680   warning  'ho.get' is assigned to itself                                                   no-self-assign
  108:15694   warning  'ho.has' is assigned to itself                                                   no-self-assign
  108:15708   warning  'ho.set' is assigned to itself                                                   no-self-assign
  108:17061   warning  'ActiveXObject' is not defined                                                   no-undef
  108:17092   warning  Empty block statement                                                            no-empty
  108:18743   warning  Empty block statement                                                            no-empty
  108:19062   warning  Empty block statement                                                            no-empty
  108:22585   warning  Empty block statement                                                            no-empty
  108:22741   warning  Empty block statement                                                            no-empty
  108:25538   warning  't' is defined but never used                                                    no-unused-vars
  108:26657   warning  'i' is defined but never used                                                    no-unused-vars
  108:31883   warning  't' is defined but never used                                                    no-unused-vars
  108:31885   warning  'r' is defined but never used                                                    no-unused-vars
  108:31887   warning  'n' is defined but never used                                                    no-unused-vars
  108:33360   warning  Empty block statement                                                            no-empty
  108:33485   warning  Empty block statement                                                            no-empty
  108:34101   warning  'pt' is a function                                                               no-func-assign
  108:35838   warning  't' is defined but never used                                                    no-unused-vars
  108:36506   warning  Unsafe usage of ReturnStatement                                                  no-unsafe-finally
  108:36526   warning  Unsafe usage of ThrowStatement                                                   no-unsafe-finally
  110:1973    warning  'this.length' is assigned to itself                                              no-self-assign
  110:3688    warning  Empty block statement                                                            no-empty
  111:8       warning  Irregular whitespace not allowed                                                 no-irregular-whitespace
  111:1405    warning  't' is defined but never used                                                    no-unused-vars
  111:1407    warning  'r' is defined but never used                                                    no-unused-vars
  111:1409    warning  'n' is defined but never used                                                    no-unused-vars
  111:1521    warning  'Bun' is not defined                                                             no-undef
  111:1533    warning  'Bun' is not defined                                                             no-undef
  116:58      warning  'eo' is a function                                                               no-func-assign
  116:695     warning  Do not access Object.prototype method 'hasOwnProperty' from target object        no-prototype-builtins
  116:1872    warning  Do not access Object.prototype method 'hasOwnProperty' from target object        no-prototype-builtins
  116:12222   warning  'n' is defined but never used                                                    no-unused-vars
  118:89      warning  Unnecessary escape character: \(                                                 no-useless-escape
  119:267     warning  Unsafe usage of ThrowStatement                                                   no-unsafe-finally
  119:19995   warning  Empty block statement                                                            no-empty
  119:20223   warning  Empty block statement                                                            no-empty
  119:29287   warning  Empty block statement                                                            no-empty
  130:1272    warning  Do not access Object.prototype method 'hasOwnProperty' from target object        no-prototype-builtins
  130:2028    warning  Do not access Object.prototype method 'hasOwnProperty' from target object        no-prototype-builtins
  136:6163    warning  Do not access Object.prototype method 'hasOwnProperty' from target object        no-prototype-builtins
  136:22103   warning  Expected a conditional expression and instead saw an assignment                  no-cond-assign
  139:12965   warning  'oC' is a function                                                               no-func-assign
  139:13674   warning  'me' is a function                                                               no-func-assign
  139:23157   warning  'i' is defined but never used                                                    no-unused-vars
  139:35111   warning  'i' is defined but never used                                                    no-unused-vars
  140:267     warning  Unsafe usage of ThrowStatement                                                   no-unsafe-finally
  140:8350    warning  'jg' is a function                                                               no-func-assign
  140:8375    warning  'jg' is a function                                                               no-func-assign
  140:8663    warning  't' is defined but never used                                                    no-unused-vars
  140:8665    warning  'r' is defined but never used                                                    no-unused-vars
  140:13998   warning  'i' is defined but never used                                                    no-unused-vars
  140:14000   warning  'o' is defined but never used                                                    no-unused-vars
  140:14424   warning  'o' is defined but never used                                                    no-unused-vars
  140:14426   warning  'a' is defined but never used                                                    no-unused-vars
  140:23830   warning  'a.via' is assigned to itself                                                    no-self-assign
  140:115610  warning  Do not access Object.prototype method 'hasOwnProperty' from target object        no-prototype-builtins
  140:115685  warning  Do not access Object.prototype method 'hasOwnProperty' from target object        no-prototype-builtins
  141:267     warning  Unsafe usage of ThrowStatement                                                   no-unsafe-finally
  142:267     warning  Unsafe usage of ThrowStatement                                                   no-unsafe-finally
  143:267     warning  Unsafe usage of ThrowStatement                                                   no-unsafe-finally
  144:267     warning  Unsafe usage of ThrowStatement                                                   no-unsafe-finally
  144:1864    warning  Expected a conditional expression and instead saw an assignment                  no-cond-assign
  144:18905   warning  's' is defined but never used                                                    no-unused-vars
  144:18907   warning  'l' is defined but never used                                                    no-unused-vars
  144:18909   warning  'u' is defined but never used                                                    no-unused-vars
  145:267     warning  Unsafe usage of ThrowStatement                                                   no-unsafe-finally
  149:629     warning  'ae' is a function                                                               no-func-assign
  157:2259    warning  't' is defined but never used                                                    no-unused-vars
  157:2277    warning  'e' is defined but never used                                                    no-unused-vars
  157:2279    warning  't' is defined but never used                                                    no-unused-vars
  157:2296    warning  'e' is defined but never used                                                    no-unused-vars
  157:2298    warning  't' is defined but never used                                                    no-unused-vars
  157:2533    warning  '_t' is a function                                                               no-func-assign
  157:6230    warning  'global' is not defined                                                          no-undef
  157:6249    warning  'global' is not defined                                                          no-undef
  157:13798   warning  'ey' is a function                                                               no-func-assign
  157:14201   warning  'bs' is a function                                                               no-func-assign
  157:14424   warning  Empty block statement                                                            no-empty
  157:14433   warning  'eb' is a function                                                               no-func-assign
  158:1075    warning  Unsafe usage of ReturnStatement                                                  no-unsafe-finally
  158:1095    warning  Unsafe usage of ThrowStatement                                                   no-unsafe-finally
  159:491     warning  Expected a 'break' statement before 'case'                                       no-fallthrough
  159:528     warning  Expected a 'break' statement before 'case'                                       no-fallthrough
  159:15645   warning  Expected a 'break' statement before 'case'                                       no-fallthrough
  159:15887   warning  Expected a 'break' statement before 'case'                                       no-fallthrough
  159:15943   warning  Expected a 'break' statement before 'case'                                       no-fallthrough
  159:16076   warning  Expected a 'break' statement before 'default'                                    no-fallthrough
  159:16402   warning  Expected a 'break' statement before 'default'                                    no-fallthrough
  159:17206   warning  Expected a 'break' statement before 'case'                                       no-fallthrough
  159:18332   warning  Unnecessary escape character: \:                                                 no-useless-escape
  160:9680    warning  'n' is assigned a value but never used                                           no-unused-vars
  167:1193    warning  'n' is already defined                                                           no-redeclare
  199:484     warning  'n' is already defined                                                           no-redeclare
  199:19182   warning  'e' is defined but never used                                                    no-unused-vars
  199:20950   warning  'n' is already defined                                                           no-redeclare
  260:845     warning  'n' is already defined                                                           no-redeclare
  260:2126    warning  'n' is already defined                                                           no-redeclare
  260:4505    warning  'xh' is a function                                                               no-func-assign
  260:4896    warning  'u' is a function                                                                no-func-assign
  260:11476   warning  Empty block statement                                                            no-empty
  260:11789   warning  'e' is defined but never used                                                    no-unused-vars
  260:11845   warning  'NC' is a function                                                               no-func-assign
  260:12165   warning  'e' is defined but never used                                                    no-unused-vars
  260:12221   warning  'DC' is a function                                                               no-func-assign
  260:12394   warning  Expected a 'break' statement before 'case'                                       no-fallthrough
  260:18195   warning  'n' is already defined                                                           no-redeclare
  260:19921   warning  'n' is already defined                                                           no-redeclare
  260:34016   warning  'n' is already defined                                                           no-redeclare
  260:36964   warning  't' is defined but never used                                                    no-unused-vars
  281:13807   warning  Unnecessary escape character: \%                                                 no-useless-escape
  281:14948   warning  'AT' is assigned a value but never used                                          no-unused-vars
  281:14954   warning  'NT' is assigned a value but never used                                          no-unused-vars
  281:19111   warning  'd' is assigned a value but never used                                           no-unused-vars
  281:38792   warning  'n' is already defined                                                           no-redeclare
  281:68498   warning  'n' is already defined                                                           no-redeclare
  281:70981   warning  'n' is already defined                                                           no-redeclare
  281:71830   warning  'n' is already defined                                                           no-redeclare
  293:5662    warning  'n' is already defined                                                           no-redeclare
  307:4657    warning  'ue' is defined but never used                                                   no-unused-vars
  307:6070    warning  'n' is already defined                                                           no-redeclare
  307:7889    warning  'n' is already defined                                                           no-redeclare
  307:13804   warning  Empty block statement                                                            no-empty
  307:14304   warning  Expected a conditional expression and instead saw an assignment                  no-cond-assign
  307:16326   warning  Expected a 'break' statement before 'case'                                       no-fallthrough
  307:16566   warning  Expected a 'break' statement before 'case'                                       no-fallthrough
  307:16622   warning  Expected a 'break' statement before 'case'                                       no-fallthrough
  307:16751   warning  Expected a 'break' statement before 'default'                                    no-fallthrough
  307:17073   warning  Expected a 'break' statement before 'default'                                    no-fallthrough
  307:17866   warning  Expected a 'break' statement before 'case'                                       no-fallthrough
  307:18666   warning  Expected a 'break' statement before 'default'                                    no-fallthrough
  307:18692   warning  Expected a conditional expression and instead saw an assignment                  no-cond-assign
  307:20766   warning  Expected a 'break' statement before 'case'                                       no-fallthrough
  307:20976   warning  Expected a 'break' statement before 'case'                                       no-fallthrough
  314:3262    warning  Expected a 'break' statement before 'case'                                       no-fallthrough
  314:3299    warning  Expected a 'break' statement before 'case'                                       no-fallthrough
  317:16915   warning  't' is defined but never used                                                    no-unused-vars
  317:26627   warning  'm' is assigned a value but never used                                           no-unused-vars
  317:28768   warning  'n' is assigned a value but never used                                           no-unused-vars
  317:28791   warning  'i' is assigned a value but never used                                           no-unused-vars
  317:28815   warning  'o' is assigned a value but never used                                           no-unused-vars
  317:34222   warning  't' is defined but never used                                                    no-unused-vars
  317:36094   warning  't' is defined but never used                                                    no-unused-vars
  317:36334   warning  'BUe' is assigned a value but never used                                         no-unused-vars
  317:36413   warning  'zUe' is assigned a value but never used                                         no-unused-vars
  317:36434   warning  'HUe' is assigned a value but never used                                         no-unused-vars
  317:36476   warning  'WUe' is assigned a value but never used                                         no-unused-vars
  317:36538   warning  'VUe' is assigned a value but never used                                         no-unused-vars
  317:38982   warning  'c' is defined but never used                                                    no-unused-vars
  317:53505   warning  't' is defined but never used                                                    no-unused-vars

✖ 327 problems (0 errors, 327 warnings)

